<?xml version="1.0"?>
<testsuite name="Chrome Headless 118.0.0.0 (Windows 10)" package="" timestamp="2023-11-04T19:16:18" id="0" hostname="Aru-Desktop" tests="1" errors="0" failures="0" time="0.077">
  <properties>
    <property name="browser.fullName" value="Mozilla/5.0 (Windows NT 10.0; Win64; x64) AppleWebKit/537.36 (KHTML, like Gecko) HeadlessChrome/118.0.0.0 Safari/537.36"/>
  </properties>
  <testcase name="Integration Test: Signup and Login should sign up and then log in" time="0.077" classname="Chrome_Headless_118_0_0_0_(Windows_10).Integration Test: Signup and Login"/>
  <system-out>
    <![CDATA[Chrome Headless 118.0.0.0 (Windows 10) LOG: '~~~~~~~>', Object{lastname: 'Doe', firstname: 'John', phone: '1234567890', email: 'john.doe@example.com', password: 'password123'}
,Chrome Headless 118.0.0.0 (Windows 10) LOG: true

]]>
  </system-out>
  <system-err/>
</testsuite>